<?xml version="1.0" encoding="UTF-8"?>
<!-- Generated by org.testng.reporters.JUnitReportReporter -->
<testsuite hostname="DESKTOP-3EV9P3B" failures="0" tests="1" name="com.google.PositiveTest" time="8.517" errors="0" timestamp="15 May 2022 20:20:39 GMT" skipped="0">
  <testcase classname="com.google.PositiveTest" name="googletest" time="8.517"/>
</testsuite> <!-- com.google.PositiveTest -->
